[2022-01-07 21:22:40] local.ERROR: require(C:\xampp\htdocs\green-world\packages\FME\eloquence-csv-feed\src/config/config.php): failed to open stream: No such file or directory {"exception":"[object] (ErrorException(code: 0): require(C:\\xampp\\htdocs\\green-world\\packages\\FME\\eloquence-csv-feed\\src/config/config.php): failed to open stream: No such file or directory at C:\\xampp\\htdocs\\green-world\\vendor\\laravel\\framework\\src\\Illuminate\\Support\\ServiceProvider.php:69)
[stacktrace]
#0 C:\\xampp\\htdocs\\green-world\\vendor\\laravel\\framework\\src\\Illuminate\\Support\\ServiceProvider.php(69): Illuminate\\Foundation\\Bootstrap\\HandleExceptions->handleError(2, 'require(C:\\\\xamp...', 'C:\\\\xampp\\\\htdocs...', 69, Array)
#1 C:\\xampp\\htdocs\\green-world\\vendor\\laravel\\framework\\src\\Illuminate\\Support\\ServiceProvider.php(69): require()
#2 C:\\xampp\\htdocs\\green-world\\packages\\FME\\eloquence-csv-feed\\src\\EloquenceCsvFeedProvider.php(19): Illuminate\\Support\\ServiceProvider->mergeConfigFrom('C:\\\\xampp\\\\htdocs...', 'eloquanceCsvFee...')
#3 [internal function]: FME\\EloquenceCsvFeed\\EloquenceCsvFeedProvider->boot()
#4 C:\\xampp\\htdocs\\green-world\\vendor\\laravel\\framework\\src\\Illuminate\\Container\\BoundMethod.php(37): call_user_func_array(Array, Array)
#5 C:\\xampp\\htdocs\\green-world\\vendor\\laravel\\framework\\src\\Illuminate\\Container\\Util.php(37): Illuminate\\Container\\BoundMethod::Illuminate\\Container\\{closure}()
#6 C:\\xampp\\htdocs\\green-world\\vendor\\laravel\\framework\\src\\Illuminate\\Container\\BoundMethod.php(95): Illuminate\\Container\\Util::unwrapIfClosure(Object(Closure))
#7 C:\\xampp\\htdocs\\green-world\\vendor\\laravel\\framework\\src\\Illuminate\\Container\\BoundMethod.php(39): Illuminate\\Container\\BoundMethod::callBoundMethod(Object(Illuminate\\Foundation\\Application), Array, Object(Closure))
#8 C:\\xampp\\htdocs\\green-world\\vendor\\laravel\\framework\\src\\Illuminate\\Container\\Container.php(596): Illuminate\\Container\\BoundMethod::call(Object(Illuminate\\Foundation\\Application), Array, Array, NULL)
#9 C:\\xampp\\htdocs\\green-world\\vendor\\laravel\\framework\\src\\Illuminate\\Foundation\\Application.php(867): Illuminate\\Container\\Container->call(Array)
#10 C:\\xampp\\htdocs\\green-world\\vendor\\laravel\\framework\\src\\Illuminate\\Foundation\\Application.php(850): Illuminate\\Foundation\\Application->bootProvider(Object(FME\\EloquenceCsvFeed\\EloquenceCsvFeedProvider))
#11 [internal function]: Illuminate\\Foundation\\Application->Illuminate\\Foundation\\{closure}(Object(FME\\EloquenceCsvFeed\\EloquenceCsvFeedProvider), 21)
#12 C:\\xampp\\htdocs\\green-world\\vendor\\laravel\\framework\\src\\Illuminate\\Foundation\\Application.php(851): array_walk(Array, Object(Closure))
#13 C:\\xampp\\htdocs\\green-world\\vendor\\laravel\\framework\\src\\Illuminate\\Foundation\\Bootstrap\\BootProviders.php(17): Illuminate\\Foundation\\Application->boot()
#14 C:\\xampp\\htdocs\\green-world\\vendor\\laravel\\framework\\src\\Illuminate\\Foundation\\Application.php(230): Illuminate\\Foundation\\Bootstrap\\BootProviders->bootstrap(Object(Illuminate\\Foundation\\Application))
#15 C:\\xampp\\htdocs\\green-world\\vendor\\laravel\\framework\\src\\Illuminate\\Foundation\\Console\\Kernel.php(310): Illuminate\\Foundation\\Application->bootstrapWith(Array)
#16 C:\\xampp\\htdocs\\green-world\\vendor\\laravel\\framework\\src\\Illuminate\\Foundation\\Console\\Kernel.php(127): Illuminate\\Foundation\\Console\\Kernel->bootstrap()
#17 C:\\xampp\\htdocs\\green-world\\artisan(35): Illuminate\\Foundation\\Console\\Kernel->handle(Object(Symfony\\Component\\Console\\Input\\ArgvInput), Object(Symfony\\Component\\Console\\Output\\ConsoleOutput))
#18 {main}
"} 
[2022-01-07 21:27:00] local.ERROR: require(C:\xampp\htdocs\green-world\packages\FME\eloquence-csv-feed\src/config/config.php): failed to open stream: No such file or directory {"exception":"[object] (ErrorException(code: 0): require(C:\\xampp\\htdocs\\green-world\\packages\\FME\\eloquence-csv-feed\\src/config/config.php): failed to open stream: No such file or directory at C:\\xampp\\htdocs\\green-world\\vendor\\laravel\\framework\\src\\Illuminate\\Support\\ServiceProvider.php:69)
[stacktrace]
#0 C:\\xampp\\htdocs\\green-world\\vendor\\laravel\\framework\\src\\Illuminate\\Support\\ServiceProvider.php(69): Illuminate\\Foundation\\Bootstrap\\HandleExceptions->handleError(2, 'require(C:\\\\xamp...', 'C:\\\\xampp\\\\htdocs...', 69, Array)
#1 C:\\xampp\\htdocs\\green-world\\vendor\\laravel\\framework\\src\\Illuminate\\Support\\ServiceProvider.php(69): require()
#2 C:\\xampp\\htdocs\\green-world\\packages\\FME\\eloquence-csv-feed\\src\\EloquenceCsvFeedProvider.php(19): Illuminate\\Support\\ServiceProvider->mergeConfigFrom('C:\\\\xampp\\\\htdocs...', 'eloquanceCsvFee...')
#3 [internal function]: FME\\EloquenceCsvFeed\\EloquenceCsvFeedProvider->boot()
#4 C:\\xampp\\htdocs\\green-world\\vendor\\laravel\\framework\\src\\Illuminate\\Container\\BoundMethod.php(37): call_user_func_array(Array, Array)
#5 C:\\xampp\\htdocs\\green-world\\vendor\\laravel\\framework\\src\\Illuminate\\Container\\Util.php(37): Illuminate\\Container\\BoundMethod::Illuminate\\Container\\{closure}()
#6 C:\\xampp\\htdocs\\green-world\\vendor\\laravel\\framework\\src\\Illuminate\\Container\\BoundMethod.php(95): Illuminate\\Container\\Util::unwrapIfClosure(Object(Closure))
#7 C:\\xampp\\htdocs\\green-world\\vendor\\laravel\\framework\\src\\Illuminate\\Container\\BoundMethod.php(39): Illuminate\\Container\\BoundMethod::callBoundMethod(Object(Illuminate\\Foundation\\Application), Array, Object(Closure))
#8 C:\\xampp\\htdocs\\green-world\\vendor\\laravel\\framework\\src\\Illuminate\\Container\\Container.php(596): Illuminate\\Container\\BoundMethod::call(Object(Illuminate\\Foundation\\Application), Array, Array, NULL)
#9 C:\\xampp\\htdocs\\green-world\\vendor\\laravel\\framework\\src\\Illuminate\\Foundation\\Application.php(867): Illuminate\\Container\\Container->call(Array)
#10 C:\\xampp\\htdocs\\green-world\\vendor\\laravel\\framework\\src\\Illuminate\\Foundation\\Application.php(850): Illuminate\\Foundation\\Application->bootProvider(Object(FME\\EloquenceCsvFeed\\EloquenceCsvFeedProvider))
#11 [internal function]: Illuminate\\Foundation\\Application->Illuminate\\Foundation\\{closure}(Object(FME\\EloquenceCsvFeed\\EloquenceCsvFeedProvider), 21)
#12 C:\\xampp\\htdocs\\green-world\\vendor\\laravel\\framework\\src\\Illuminate\\Foundation\\Application.php(851): array_walk(Array, Object(Closure))
#13 C:\\xampp\\htdocs\\green-world\\vendor\\laravel\\framework\\src\\Illuminate\\Foundation\\Bootstrap\\BootProviders.php(17): Illuminate\\Foundation\\Application->boot()
#14 C:\\xampp\\htdocs\\green-world\\vendor\\laravel\\framework\\src\\Illuminate\\Foundation\\Application.php(230): Illuminate\\Foundation\\Bootstrap\\BootProviders->bootstrap(Object(Illuminate\\Foundation\\Application))
#15 C:\\xampp\\htdocs\\green-world\\vendor\\laravel\\framework\\src\\Illuminate\\Foundation\\Console\\Kernel.php(310): Illuminate\\Foundation\\Application->bootstrapWith(Array)
#16 C:\\xampp\\htdocs\\green-world\\vendor\\laravel\\framework\\src\\Illuminate\\Foundation\\Console\\Kernel.php(127): Illuminate\\Foundation\\Console\\Kernel->bootstrap()
#17 C:\\xampp\\htdocs\\green-world\\artisan(35): Illuminate\\Foundation\\Console\\Kernel->handle(Object(Symfony\\Component\\Console\\Input\\ArgvInput), Object(Symfony\\Component\\Console\\Output\\ConsoleOutput))
#18 {main}
"} 
[2022-01-07 21:29:15] local.ERROR: require(C:\xampp\htdocs\green-world\packages\FME\eloquence-csv-feed\src/config/config.php): failed to open stream: No such file or directory {"exception":"[object] (ErrorException(code: 0): require(C:\\xampp\\htdocs\\green-world\\packages\\FME\\eloquence-csv-feed\\src/config/config.php): failed to open stream: No such file or directory at C:\\xampp\\htdocs\\green-world\\vendor\\laravel\\framework\\src\\Illuminate\\Support\\ServiceProvider.php:69)
[stacktrace]
#0 C:\\xampp\\htdocs\\green-world\\vendor\\laravel\\framework\\src\\Illuminate\\Support\\ServiceProvider.php(69): Illuminate\\Foundation\\Bootstrap\\HandleExceptions->handleError(2, 'require(C:\\\\xamp...', 'C:\\\\xampp\\\\htdocs...', 69, Array)
#1 C:\\xampp\\htdocs\\green-world\\vendor\\laravel\\framework\\src\\Illuminate\\Support\\ServiceProvider.php(69): require()
#2 C:\\xampp\\htdocs\\green-world\\packages\\FME\\eloquence-csv-feed\\src\\EloquenceCsvFeedProvider.php(19): Illuminate\\Support\\ServiceProvider->mergeConfigFrom('C:\\\\xampp\\\\htdocs...', 'eloquanceCsvFee...')
#3 [internal function]: FME\\EloquenceCsvFeed\\EloquenceCsvFeedProvider->boot()
#4 C:\\xampp\\htdocs\\green-world\\vendor\\laravel\\framework\\src\\Illuminate\\Container\\BoundMethod.php(37): call_user_func_array(Array, Array)
#5 C:\\xampp\\htdocs\\green-world\\vendor\\laravel\\framework\\src\\Illuminate\\Container\\Util.php(37): Illuminate\\Container\\BoundMethod::Illuminate\\Container\\{closure}()
#6 C:\\xampp\\htdocs\\green-world\\vendor\\laravel\\framework\\src\\Illuminate\\Container\\BoundMethod.php(95): Illuminate\\Container\\Util::unwrapIfClosure(Object(Closure))
#7 C:\\xampp\\htdocs\\green-world\\vendor\\laravel\\framework\\src\\Illuminate\\Container\\BoundMethod.php(39): Illuminate\\Container\\BoundMethod::callBoundMethod(Object(Illuminate\\Foundation\\Application), Array, Object(Closure))
#8 C:\\xampp\\htdocs\\green-world\\vendor\\laravel\\framework\\src\\Illuminate\\Container\\Container.php(596): Illuminate\\Container\\BoundMethod::call(Object(Illuminate\\Foundation\\Application), Array, Array, NULL)
#9 C:\\xampp\\htdocs\\green-world\\vendor\\laravel\\framework\\src\\Illuminate\\Foundation\\Application.php(867): Illuminate\\Container\\Container->call(Array)
#10 C:\\xampp\\htdocs\\green-world\\vendor\\laravel\\framework\\src\\Illuminate\\Foundation\\Application.php(850): Illuminate\\Foundation\\Application->bootProvider(Object(FME\\EloquenceCsvFeed\\EloquenceCsvFeedProvider))
#11 [internal function]: Illuminate\\Foundation\\Application->Illuminate\\Foundation\\{closure}(Object(FME\\EloquenceCsvFeed\\EloquenceCsvFeedProvider), 21)
#12 C:\\xampp\\htdocs\\green-world\\vendor\\laravel\\framework\\src\\Illuminate\\Foundation\\Application.php(851): array_walk(Array, Object(Closure))
#13 C:\\xampp\\htdocs\\green-world\\vendor\\laravel\\framework\\src\\Illuminate\\Foundation\\Bootstrap\\BootProviders.php(17): Illuminate\\Foundation\\Application->boot()
#14 C:\\xampp\\htdocs\\green-world\\vendor\\laravel\\framework\\src\\Illuminate\\Foundation\\Application.php(230): Illuminate\\Foundation\\Bootstrap\\BootProviders->bootstrap(Object(Illuminate\\Foundation\\Application))
#15 C:\\xampp\\htdocs\\green-world\\vendor\\laravel\\framework\\src\\Illuminate\\Foundation\\Console\\Kernel.php(310): Illuminate\\Foundation\\Application->bootstrapWith(Array)
#16 C:\\xampp\\htdocs\\green-world\\vendor\\laravel\\framework\\src\\Illuminate\\Foundation\\Console\\Kernel.php(127): Illuminate\\Foundation\\Console\\Kernel->bootstrap()
#17 C:\\xampp\\htdocs\\green-world\\artisan(35): Illuminate\\Foundation\\Console\\Kernel->handle(Object(Symfony\\Component\\Console\\Input\\ArgvInput), Object(Symfony\\Component\\Console\\Output\\ConsoleOutput))
#18 {main}
"} 
[2022-01-07 21:37:21] local.ERROR: require(C:\xampp\htdocs\green-world\packages\FME\eloquence-csv-feed\src/config/config.php): failed to open stream: No such file or directory {"exception":"[object] (ErrorException(code: 0): require(C:\\xampp\\htdocs\\green-world\\packages\\FME\\eloquence-csv-feed\\src/config/config.php): failed to open stream: No such file or directory at C:\\xampp\\htdocs\\green-world\\vendor\\laravel\\framework\\src\\Illuminate\\Support\\ServiceProvider.php:69)
[stacktrace]
#0 C:\\xampp\\htdocs\\green-world\\vendor\\laravel\\framework\\src\\Illuminate\\Support\\ServiceProvider.php(69): Illuminate\\Foundation\\Bootstrap\\HandleExceptions->handleError(2, 'require(C:\\\\xamp...', 'C:\\\\xampp\\\\htdocs...', 69, Array)
#1 C:\\xampp\\htdocs\\green-world\\vendor\\laravel\\framework\\src\\Illuminate\\Support\\ServiceProvider.php(69): require()
#2 C:\\xampp\\htdocs\\green-world\\packages\\FME\\eloquence-csv-feed\\src\\EloquenceCsvFeedProvider.php(19): Illuminate\\Support\\ServiceProvider->mergeConfigFrom('C:\\\\xampp\\\\htdocs...', 'eloquanceCsvFee...')
#3 [internal function]: FME\\EloquenceCsvFeed\\EloquenceCsvFeedProvider->boot()
#4 C:\\xampp\\htdocs\\green-world\\vendor\\laravel\\framework\\src\\Illuminate\\Container\\BoundMethod.php(37): call_user_func_array(Array, Array)
#5 C:\\xampp\\htdocs\\green-world\\vendor\\laravel\\framework\\src\\Illuminate\\Container\\Util.php(37): Illuminate\\Container\\BoundMethod::Illuminate\\Container\\{closure}()
#6 C:\\xampp\\htdocs\\green-world\\vendor\\laravel\\framework\\src\\Illuminate\\Container\\BoundMethod.php(95): Illuminate\\Container\\Util::unwrapIfClosure(Object(Closure))
#7 C:\\xampp\\htdocs\\green-world\\vendor\\laravel\\framework\\src\\Illuminate\\Container\\BoundMethod.php(39): Illuminate\\Container\\BoundMethod::callBoundMethod(Object(Illuminate\\Foundation\\Application), Array, Object(Closure))
#8 C:\\xampp\\htdocs\\green-world\\vendor\\laravel\\framework\\src\\Illuminate\\Container\\Container.php(596): Illuminate\\Container\\BoundMethod::call(Object(Illuminate\\Foundation\\Application), Array, Array, NULL)
#9 C:\\xampp\\htdocs\\green-world\\vendor\\laravel\\framework\\src\\Illuminate\\Foundation\\Application.php(867): Illuminate\\Container\\Container->call(Array)
#10 C:\\xampp\\htdocs\\green-world\\vendor\\laravel\\framework\\src\\Illuminate\\Foundation\\Application.php(850): Illuminate\\Foundation\\Application->bootProvider(Object(FME\\EloquenceCsvFeed\\EloquenceCsvFeedProvider))
#11 [internal function]: Illuminate\\Foundation\\Application->Illuminate\\Foundation\\{closure}(Object(FME\\EloquenceCsvFeed\\EloquenceCsvFeedProvider), 21)
#12 C:\\xampp\\htdocs\\green-world\\vendor\\laravel\\framework\\src\\Illuminate\\Foundation\\Application.php(851): array_walk(Array, Object(Closure))
#13 C:\\xampp\\htdocs\\green-world\\vendor\\laravel\\framework\\src\\Illuminate\\Foundation\\Bootstrap\\BootProviders.php(17): Illuminate\\Foundation\\Application->boot()
#14 C:\\xampp\\htdocs\\green-world\\vendor\\laravel\\framework\\src\\Illuminate\\Foundation\\Application.php(230): Illuminate\\Foundation\\Bootstrap\\BootProviders->bootstrap(Object(Illuminate\\Foundation\\Application))
#15 C:\\xampp\\htdocs\\green-world\\vendor\\laravel\\framework\\src\\Illuminate\\Foundation\\Console\\Kernel.php(310): Illuminate\\Foundation\\Application->bootstrapWith(Array)
#16 C:\\xampp\\htdocs\\green-world\\vendor\\laravel\\framework\\src\\Illuminate\\Foundation\\Console\\Kernel.php(127): Illuminate\\Foundation\\Console\\Kernel->bootstrap()
#17 C:\\xampp\\htdocs\\green-world\\artisan(35): Illuminate\\Foundation\\Console\\Kernel->handle(Object(Symfony\\Component\\Console\\Input\\ArgvInput), Object(Symfony\\Component\\Console\\Output\\ConsoleOutput))
#18 {main}
"} 
[2022-01-07 21:37:28] local.ERROR: require(C:\xampp\htdocs\green-world\packages\FME\eloquence-csv-feed\src/config/config.php): failed to open stream: No such file or directory {"exception":"[object] (ErrorException(code: 0): require(C:\\xampp\\htdocs\\green-world\\packages\\FME\\eloquence-csv-feed\\src/config/config.php): failed to open stream: No such file or directory at C:\\xampp\\htdocs\\green-world\\vendor\\laravel\\framework\\src\\Illuminate\\Support\\ServiceProvider.php:69)
[stacktrace]
#0 C:\\xampp\\htdocs\\green-world\\vendor\\laravel\\framework\\src\\Illuminate\\Support\\ServiceProvider.php(69): Illuminate\\Foundation\\Bootstrap\\HandleExceptions->handleError(2, 'require(C:\\\\xamp...', 'C:\\\\xampp\\\\htdocs...', 69, Array)
#1 C:\\xampp\\htdocs\\green-world\\vendor\\laravel\\framework\\src\\Illuminate\\Support\\ServiceProvider.php(69): require()
#2 C:\\xampp\\htdocs\\green-world\\packages\\FME\\eloquence-csv-feed\\src\\EloquenceCsvFeedProvider.php(19): Illuminate\\Support\\ServiceProvider->mergeConfigFrom('C:\\\\xampp\\\\htdocs...', 'eloquanceCsvFee...')
#3 [internal function]: FME\\EloquenceCsvFeed\\EloquenceCsvFeedProvider->boot()
#4 C:\\xampp\\htdocs\\green-world\\vendor\\laravel\\framework\\src\\Illuminate\\Container\\BoundMethod.php(37): call_user_func_array(Array, Array)
#5 C:\\xampp\\htdocs\\green-world\\vendor\\laravel\\framework\\src\\Illuminate\\Container\\Util.php(37): Illuminate\\Container\\BoundMethod::Illuminate\\Container\\{closure}()
#6 C:\\xampp\\htdocs\\green-world\\vendor\\laravel\\framework\\src\\Illuminate\\Container\\BoundMethod.php(95): Illuminate\\Container\\Util::unwrapIfClosure(Object(Closure))
#7 C:\\xampp\\htdocs\\green-world\\vendor\\laravel\\framework\\src\\Illuminate\\Container\\BoundMethod.php(39): Illuminate\\Container\\BoundMethod::callBoundMethod(Object(Illuminate\\Foundation\\Application), Array, Object(Closure))
#8 C:\\xampp\\htdocs\\green-world\\vendor\\laravel\\framework\\src\\Illuminate\\Container\\Container.php(596): Illuminate\\Container\\BoundMethod::call(Object(Illuminate\\Foundation\\Application), Array, Array, NULL)
#9 C:\\xampp\\htdocs\\green-world\\vendor\\laravel\\framework\\src\\Illuminate\\Foundation\\Application.php(867): Illuminate\\Container\\Container->call(Array)
#10 C:\\xampp\\htdocs\\green-world\\vendor\\laravel\\framework\\src\\Illuminate\\Foundation\\Application.php(850): Illuminate\\Foundation\\Application->bootProvider(Object(FME\\EloquenceCsvFeed\\EloquenceCsvFeedProvider))
#11 [internal function]: Illuminate\\Foundation\\Application->Illuminate\\Foundation\\{closure}(Object(FME\\EloquenceCsvFeed\\EloquenceCsvFeedProvider), 21)
#12 C:\\xampp\\htdocs\\green-world\\vendor\\laravel\\framework\\src\\Illuminate\\Foundation\\Application.php(851): array_walk(Array, Object(Closure))
#13 C:\\xampp\\htdocs\\green-world\\vendor\\laravel\\framework\\src\\Illuminate\\Foundation\\Bootstrap\\BootProviders.php(17): Illuminate\\Foundation\\Application->boot()
#14 C:\\xampp\\htdocs\\green-world\\vendor\\laravel\\framework\\src\\Illuminate\\Foundation\\Application.php(230): Illuminate\\Foundation\\Bootstrap\\BootProviders->bootstrap(Object(Illuminate\\Foundation\\Application))
#15 C:\\xampp\\htdocs\\green-world\\vendor\\laravel\\framework\\src\\Illuminate\\Foundation\\Console\\Kernel.php(310): Illuminate\\Foundation\\Application->bootstrapWith(Array)
#16 C:\\xampp\\htdocs\\green-world\\vendor\\laravel\\framework\\src\\Illuminate\\Foundation\\Console\\Kernel.php(127): Illuminate\\Foundation\\Console\\Kernel->bootstrap()
#17 C:\\xampp\\htdocs\\green-world\\artisan(35): Illuminate\\Foundation\\Console\\Kernel->handle(Object(Symfony\\Component\\Console\\Input\\ArgvInput), Object(Symfony\\Component\\Console\\Output\\ConsoleOutput))
#18 {main}
"} 
[2022-01-07 21:37:38] local.ERROR: require(C:\xampp\htdocs\green-world\packages\FME\eloquence-csv-feed\src/config/config.php): failed to open stream: No such file or directory {"exception":"[object] (ErrorException(code: 0): require(C:\\xampp\\htdocs\\green-world\\packages\\FME\\eloquence-csv-feed\\src/config/config.php): failed to open stream: No such file or directory at C:\\xampp\\htdocs\\green-world\\vendor\\laravel\\framework\\src\\Illuminate\\Support\\ServiceProvider.php:69)
[stacktrace]
#0 C:\\xampp\\htdocs\\green-world\\vendor\\laravel\\framework\\src\\Illuminate\\Support\\ServiceProvider.php(69): Illuminate\\Foundation\\Bootstrap\\HandleExceptions->handleError(2, 'require(C:\\\\xamp...', 'C:\\\\xampp\\\\htdocs...', 69, Array)
#1 C:\\xampp\\htdocs\\green-world\\vendor\\laravel\\framework\\src\\Illuminate\\Support\\ServiceProvider.php(69): require()
#2 C:\\xampp\\htdocs\\green-world\\packages\\FME\\eloquence-csv-feed\\src\\EloquenceCsvFeedProvider.php(19): Illuminate\\Support\\ServiceProvider->mergeConfigFrom('C:\\\\xampp\\\\htdocs...', 'eloquanceCsvFee...')
#3 [internal function]: FME\\EloquenceCsvFeed\\EloquenceCsvFeedProvider->boot()
#4 C:\\xampp\\htdocs\\green-world\\vendor\\laravel\\framework\\src\\Illuminate\\Container\\BoundMethod.php(37): call_user_func_array(Array, Array)
#5 C:\\xampp\\htdocs\\green-world\\vendor\\laravel\\framework\\src\\Illuminate\\Container\\Util.php(37): Illuminate\\Container\\BoundMethod::Illuminate\\Container\\{closure}()
#6 C:\\xampp\\htdocs\\green-world\\vendor\\laravel\\framework\\src\\Illuminate\\Container\\BoundMethod.php(95): Illuminate\\Container\\Util::unwrapIfClosure(Object(Closure))
#7 C:\\xampp\\htdocs\\green-world\\vendor\\laravel\\framework\\src\\Illuminate\\Container\\BoundMethod.php(39): Illuminate\\Container\\BoundMethod::callBoundMethod(Object(Illuminate\\Foundation\\Application), Array, Object(Closure))
#8 C:\\xampp\\htdocs\\green-world\\vendor\\laravel\\framework\\src\\Illuminate\\Container\\Container.php(596): Illuminate\\Container\\BoundMethod::call(Object(Illuminate\\Foundation\\Application), Array, Array, NULL)
#9 C:\\xampp\\htdocs\\green-world\\vendor\\laravel\\framework\\src\\Illuminate\\Foundation\\Application.php(867): Illuminate\\Container\\Container->call(Array)
#10 C:\\xampp\\htdocs\\green-world\\vendor\\laravel\\framework\\src\\Illuminate\\Foundation\\Application.php(850): Illuminate\\Foundation\\Application->bootProvider(Object(FME\\EloquenceCsvFeed\\EloquenceCsvFeedProvider))
#11 [internal function]: Illuminate\\Foundation\\Application->Illuminate\\Foundation\\{closure}(Object(FME\\EloquenceCsvFeed\\EloquenceCsvFeedProvider), 21)
#12 C:\\xampp\\htdocs\\green-world\\vendor\\laravel\\framework\\src\\Illuminate\\Foundation\\Application.php(851): array_walk(Array, Object(Closure))
#13 C:\\xampp\\htdocs\\green-world\\vendor\\laravel\\framework\\src\\Illuminate\\Foundation\\Bootstrap\\BootProviders.php(17): Illuminate\\Foundation\\Application->boot()
#14 C:\\xampp\\htdocs\\green-world\\vendor\\laravel\\framework\\src\\Illuminate\\Foundation\\Application.php(230): Illuminate\\Foundation\\Bootstrap\\BootProviders->bootstrap(Object(Illuminate\\Foundation\\Application))
#15 C:\\xampp\\htdocs\\green-world\\vendor\\laravel\\framework\\src\\Illuminate\\Foundation\\Console\\Kernel.php(310): Illuminate\\Foundation\\Application->bootstrapWith(Array)
#16 C:\\xampp\\htdocs\\green-world\\vendor\\laravel\\framework\\src\\Illuminate\\Foundation\\Console\\Kernel.php(127): Illuminate\\Foundation\\Console\\Kernel->bootstrap()
#17 C:\\xampp\\htdocs\\green-world\\artisan(35): Illuminate\\Foundation\\Console\\Kernel->handle(Object(Symfony\\Component\\Console\\Input\\ArgvInput), Object(Symfony\\Component\\Console\\Output\\ConsoleOutput))
#18 {main}
"} 
[2022-01-07 21:37:49] local.ERROR: require(C:\xampp\htdocs\green-world\packages\FME\eloquence-csv-feed\src/config/config.php): failed to open stream: No such file or directory {"exception":"[object] (ErrorException(code: 0): require(C:\\xampp\\htdocs\\green-world\\packages\\FME\\eloquence-csv-feed\\src/config/config.php): failed to open stream: No such file or directory at C:\\xampp\\htdocs\\green-world\\vendor\\laravel\\framework\\src\\Illuminate\\Support\\ServiceProvider.php:69)
[stacktrace]
#0 C:\\xampp\\htdocs\\green-world\\vendor\\laravel\\framework\\src\\Illuminate\\Support\\ServiceProvider.php(69): Illuminate\\Foundation\\Bootstrap\\HandleExceptions->handleError(2, 'require(C:\\\\xamp...', 'C:\\\\xampp\\\\htdocs...', 69, Array)
#1 C:\\xampp\\htdocs\\green-world\\vendor\\laravel\\framework\\src\\Illuminate\\Support\\ServiceProvider.php(69): require()
#2 C:\\xampp\\htdocs\\green-world\\packages\\FME\\eloquence-csv-feed\\src\\EloquenceCsvFeedProvider.php(19): Illuminate\\Support\\ServiceProvider->mergeConfigFrom('C:\\\\xampp\\\\htdocs...', 'eloquanceCsvFee...')
#3 [internal function]: FME\\EloquenceCsvFeed\\EloquenceCsvFeedProvider->boot()
#4 C:\\xampp\\htdocs\\green-world\\vendor\\laravel\\framework\\src\\Illuminate\\Container\\BoundMethod.php(37): call_user_func_array(Array, Array)
#5 C:\\xampp\\htdocs\\green-world\\vendor\\laravel\\framework\\src\\Illuminate\\Container\\Util.php(37): Illuminate\\Container\\BoundMethod::Illuminate\\Container\\{closure}()
#6 C:\\xampp\\htdocs\\green-world\\vendor\\laravel\\framework\\src\\Illuminate\\Container\\BoundMethod.php(95): Illuminate\\Container\\Util::unwrapIfClosure(Object(Closure))
#7 C:\\xampp\\htdocs\\green-world\\vendor\\laravel\\framework\\src\\Illuminate\\Container\\BoundMethod.php(39): Illuminate\\Container\\BoundMethod::callBoundMethod(Object(Illuminate\\Foundation\\Application), Array, Object(Closure))
#8 C:\\xampp\\htdocs\\green-world\\vendor\\laravel\\framework\\src\\Illuminate\\Container\\Container.php(596): Illuminate\\Container\\BoundMethod::call(Object(Illuminate\\Foundation\\Application), Array, Array, NULL)
#9 C:\\xampp\\htdocs\\green-world\\vendor\\laravel\\framework\\src\\Illuminate\\Foundation\\Application.php(867): Illuminate\\Container\\Container->call(Array)
#10 C:\\xampp\\htdocs\\green-world\\vendor\\laravel\\framework\\src\\Illuminate\\Foundation\\Application.php(850): Illuminate\\Foundation\\Application->bootProvider(Object(FME\\EloquenceCsvFeed\\EloquenceCsvFeedProvider))
#11 [internal function]: Illuminate\\Foundation\\Application->Illuminate\\Foundation\\{closure}(Object(FME\\EloquenceCsvFeed\\EloquenceCsvFeedProvider), 21)
#12 C:\\xampp\\htdocs\\green-world\\vendor\\laravel\\framework\\src\\Illuminate\\Foundation\\Application.php(851): array_walk(Array, Object(Closure))
#13 C:\\xampp\\htdocs\\green-world\\vendor\\laravel\\framework\\src\\Illuminate\\Foundation\\Bootstrap\\BootProviders.php(17): Illuminate\\Foundation\\Application->boot()
#14 C:\\xampp\\htdocs\\green-world\\vendor\\laravel\\framework\\src\\Illuminate\\Foundation\\Application.php(230): Illuminate\\Foundation\\Bootstrap\\BootProviders->bootstrap(Object(Illuminate\\Foundation\\Application))
#15 C:\\xampp\\htdocs\\green-world\\vendor\\laravel\\framework\\src\\Illuminate\\Foundation\\Console\\Kernel.php(310): Illuminate\\Foundation\\Application->bootstrapWith(Array)
#16 C:\\xampp\\htdocs\\green-world\\vendor\\laravel\\framework\\src\\Illuminate\\Foundation\\Console\\Kernel.php(127): Illuminate\\Foundation\\Console\\Kernel->bootstrap()
#17 C:\\xampp\\htdocs\\green-world\\artisan(35): Illuminate\\Foundation\\Console\\Kernel->handle(Object(Symfony\\Component\\Console\\Input\\ArgvInput), Object(Symfony\\Component\\Console\\Output\\ConsoleOutput))
#18 {main}
"} 
[2022-01-07 21:40:12] local.ERROR: require(C:\xampp\htdocs\green-world\packages\FME\eloquence-csv-feed\src/config/config.php): failed to open stream: No such file or directory {"exception":"[object] (ErrorException(code: 0): require(C:\\xampp\\htdocs\\green-world\\packages\\FME\\eloquence-csv-feed\\src/config/config.php): failed to open stream: No such file or directory at C:\\xampp\\htdocs\\green-world\\vendor\\laravel\\framework\\src\\Illuminate\\Support\\ServiceProvider.php:69)
[stacktrace]
#0 C:\\xampp\\htdocs\\green-world\\vendor\\laravel\\framework\\src\\Illuminate\\Support\\ServiceProvider.php(69): Illuminate\\Foundation\\Bootstrap\\HandleExceptions->handleError(2, 'require(C:\\\\xamp...', 'C:\\\\xampp\\\\htdocs...', 69, Array)
#1 C:\\xampp\\htdocs\\green-world\\vendor\\laravel\\framework\\src\\Illuminate\\Support\\ServiceProvider.php(69): require()
#2 C:\\xampp\\htdocs\\green-world\\packages\\FME\\eloquence-csv-feed\\src\\EloquenceCsvFeedProvider.php(19): Illuminate\\Support\\ServiceProvider->mergeConfigFrom('C:\\\\xampp\\\\htdocs...', 'eloquanceCsvFee...')
#3 [internal function]: FME\\EloquenceCsvFeed\\EloquenceCsvFeedProvider->boot()
#4 C:\\xampp\\htdocs\\green-world\\vendor\\laravel\\framework\\src\\Illuminate\\Container\\BoundMethod.php(37): call_user_func_array(Array, Array)
#5 C:\\xampp\\htdocs\\green-world\\vendor\\laravel\\framework\\src\\Illuminate\\Container\\Util.php(37): Illuminate\\Container\\BoundMethod::Illuminate\\Container\\{closure}()
#6 C:\\xampp\\htdocs\\green-world\\vendor\\laravel\\framework\\src\\Illuminate\\Container\\BoundMethod.php(95): Illuminate\\Container\\Util::unwrapIfClosure(Object(Closure))
#7 C:\\xampp\\htdocs\\green-world\\vendor\\laravel\\framework\\src\\Illuminate\\Container\\BoundMethod.php(39): Illuminate\\Container\\BoundMethod::callBoundMethod(Object(Illuminate\\Foundation\\Application), Array, Object(Closure))
#8 C:\\xampp\\htdocs\\green-world\\vendor\\laravel\\framework\\src\\Illuminate\\Container\\Container.php(596): Illuminate\\Container\\BoundMethod::call(Object(Illuminate\\Foundation\\Application), Array, Array, NULL)
#9 C:\\xampp\\htdocs\\green-world\\vendor\\laravel\\framework\\src\\Illuminate\\Foundation\\Application.php(867): Illuminate\\Container\\Container->call(Array)
#10 C:\\xampp\\htdocs\\green-world\\vendor\\laravel\\framework\\src\\Illuminate\\Foundation\\Application.php(850): Illuminate\\Foundation\\Application->bootProvider(Object(FME\\EloquenceCsvFeed\\EloquenceCsvFeedProvider))
#11 [internal function]: Illuminate\\Foundation\\Application->Illuminate\\Foundation\\{closure}(Object(FME\\EloquenceCsvFeed\\EloquenceCsvFeedProvider), 21)
#12 C:\\xampp\\htdocs\\green-world\\vendor\\laravel\\framework\\src\\Illuminate\\Foundation\\Application.php(851): array_walk(Array, Object(Closure))
#13 C:\\xampp\\htdocs\\green-world\\vendor\\laravel\\framework\\src\\Illuminate\\Foundation\\Bootstrap\\BootProviders.php(17): Illuminate\\Foundation\\Application->boot()
#14 C:\\xampp\\htdocs\\green-world\\vendor\\laravel\\framework\\src\\Illuminate\\Foundation\\Application.php(230): Illuminate\\Foundation\\Bootstrap\\BootProviders->bootstrap(Object(Illuminate\\Foundation\\Application))
#15 C:\\xampp\\htdocs\\green-world\\vendor\\laravel\\framework\\src\\Illuminate\\Foundation\\Console\\Kernel.php(310): Illuminate\\Foundation\\Application->bootstrapWith(Array)
#16 C:\\xampp\\htdocs\\green-world\\vendor\\laravel\\framework\\src\\Illuminate\\Foundation\\Console\\Kernel.php(127): Illuminate\\Foundation\\Console\\Kernel->bootstrap()
#17 C:\\xampp\\htdocs\\green-world\\artisan(35): Illuminate\\Foundation\\Console\\Kernel->handle(Object(Symfony\\Component\\Console\\Input\\ArgvInput), Object(Symfony\\Component\\Console\\Output\\ConsoleOutput))
#18 {main}
"} 
[2022-01-07 21:43:24] local.ERROR: require(C:\xampp\htdocs\green-world\packages\FME\eloquence-csv-feed\src/config/config.php): failed to open stream: No such file or directory {"exception":"[object] (ErrorException(code: 0): require(C:\\xampp\\htdocs\\green-world\\packages\\FME\\eloquence-csv-feed\\src/config/config.php): failed to open stream: No such file or directory at C:\\xampp\\htdocs\\green-world\\vendor\\laravel\\framework\\src\\Illuminate\\Support\\ServiceProvider.php:69)
[stacktrace]
#0 C:\\xampp\\htdocs\\green-world\\vendor\\laravel\\framework\\src\\Illuminate\\Support\\ServiceProvider.php(69): Illuminate\\Foundation\\Bootstrap\\HandleExceptions->handleError(2, 'require(C:\\\\xamp...', 'C:\\\\xampp\\\\htdocs...', 69, Array)
#1 C:\\xampp\\htdocs\\green-world\\vendor\\laravel\\framework\\src\\Illuminate\\Support\\ServiceProvider.php(69): require()
#2 C:\\xampp\\htdocs\\green-world\\packages\\FME\\eloquence-csv-feed\\src\\EloquenceCsvFeedProvider.php(19): Illuminate\\Support\\ServiceProvider->mergeConfigFrom('C:\\\\xampp\\\\htdocs...', 'eloquanceCsvFee...')
#3 [internal function]: FME\\EloquenceCsvFeed\\EloquenceCsvFeedProvider->boot()
#4 C:\\xampp\\htdocs\\green-world\\vendor\\laravel\\framework\\src\\Illuminate\\Container\\BoundMethod.php(37): call_user_func_array(Array, Array)
#5 C:\\xampp\\htdocs\\green-world\\vendor\\laravel\\framework\\src\\Illuminate\\Container\\Util.php(37): Illuminate\\Container\\BoundMethod::Illuminate\\Container\\{closure}()
#6 C:\\xampp\\htdocs\\green-world\\vendor\\laravel\\framework\\src\\Illuminate\\Container\\BoundMethod.php(95): Illuminate\\Container\\Util::unwrapIfClosure(Object(Closure))
#7 C:\\xampp\\htdocs\\green-world\\vendor\\laravel\\framework\\src\\Illuminate\\Container\\BoundMethod.php(39): Illuminate\\Container\\BoundMethod::callBoundMethod(Object(Illuminate\\Foundation\\Application), Array, Object(Closure))
#8 C:\\xampp\\htdocs\\green-world\\vendor\\laravel\\framework\\src\\Illuminate\\Container\\Container.php(596): Illuminate\\Container\\BoundMethod::call(Object(Illuminate\\Foundation\\Application), Array, Array, NULL)
#9 C:\\xampp\\htdocs\\green-world\\vendor\\laravel\\framework\\src\\Illuminate\\Foundation\\Application.php(867): Illuminate\\Container\\Container->call(Array)
#10 C:\\xampp\\htdocs\\green-world\\vendor\\laravel\\framework\\src\\Illuminate\\Foundation\\Application.php(850): Illuminate\\Foundation\\Application->bootProvider(Object(FME\\EloquenceCsvFeed\\EloquenceCsvFeedProvider))
#11 [internal function]: Illuminate\\Foundation\\Application->Illuminate\\Foundation\\{closure}(Object(FME\\EloquenceCsvFeed\\EloquenceCsvFeedProvider), 21)
#12 C:\\xampp\\htdocs\\green-world\\vendor\\laravel\\framework\\src\\Illuminate\\Foundation\\Application.php(851): array_walk(Array, Object(Closure))
#13 C:\\xampp\\htdocs\\green-world\\vendor\\laravel\\framework\\src\\Illuminate\\Foundation\\Bootstrap\\BootProviders.php(17): Illuminate\\Foundation\\Application->boot()
#14 C:\\xampp\\htdocs\\green-world\\vendor\\laravel\\framework\\src\\Illuminate\\Foundation\\Application.php(230): Illuminate\\Foundation\\Bootstrap\\BootProviders->bootstrap(Object(Illuminate\\Foundation\\Application))
#15 C:\\xampp\\htdocs\\green-world\\vendor\\laravel\\framework\\src\\Illuminate\\Foundation\\Console\\Kernel.php(310): Illuminate\\Foundation\\Application->bootstrapWith(Array)
#16 C:\\xampp\\htdocs\\green-world\\vendor\\laravel\\framework\\src\\Illuminate\\Foundation\\Console\\Kernel.php(127): Illuminate\\Foundation\\Console\\Kernel->bootstrap()
#17 C:\\xampp\\htdocs\\green-world\\artisan(35): Illuminate\\Foundation\\Console\\Kernel->handle(Object(Symfony\\Component\\Console\\Input\\ArgvInput), Object(Symfony\\Component\\Console\\Output\\ConsoleOutput))
#18 {main}
"} 
[2022-01-07 21:48:42] local.ERROR: require(C:\xampp\htdocs\green-world\packages\FME\eloquence-csv-feed\src/config/config.php): failed to open stream: No such file or directory {"exception":"[object] (ErrorException(code: 0): require(C:\\xampp\\htdocs\\green-world\\packages\\FME\\eloquence-csv-feed\\src/config/config.php): failed to open stream: No such file or directory at C:\\xampp\\htdocs\\green-world\\vendor\\laravel\\framework\\src\\Illuminate\\Support\\ServiceProvider.php:69)
[stacktrace]
#0 C:\\xampp\\htdocs\\green-world\\vendor\\laravel\\framework\\src\\Illuminate\\Support\\ServiceProvider.php(69): Illuminate\\Foundation\\Bootstrap\\HandleExceptions->handleError(2, 'require(C:\\\\xamp...', 'C:\\\\xampp\\\\htdocs...', 69, Array)
#1 C:\\xampp\\htdocs\\green-world\\vendor\\laravel\\framework\\src\\Illuminate\\Support\\ServiceProvider.php(69): require()
#2 C:\\xampp\\htdocs\\green-world\\packages\\FME\\eloquence-csv-feed\\src\\EloquenceCsvFeedProvider.php(19): Illuminate\\Support\\ServiceProvider->mergeConfigFrom('C:\\\\xampp\\\\htdocs...', 'eloquanceCsvFee...')
#3 [internal function]: FME\\EloquenceCsvFeed\\EloquenceCsvFeedProvider->boot()
#4 C:\\xampp\\htdocs\\green-world\\vendor\\laravel\\framework\\src\\Illuminate\\Container\\BoundMethod.php(37): call_user_func_array(Array, Array)
#5 C:\\xampp\\htdocs\\green-world\\vendor\\laravel\\framework\\src\\Illuminate\\Container\\Util.php(37): Illuminate\\Container\\BoundMethod::Illuminate\\Container\\{closure}()
#6 C:\\xampp\\htdocs\\green-world\\vendor\\laravel\\framework\\src\\Illuminate\\Container\\BoundMethod.php(95): Illuminate\\Container\\Util::unwrapIfClosure(Object(Closure))
#7 C:\\xampp\\htdocs\\green-world\\vendor\\laravel\\framework\\src\\Illuminate\\Container\\BoundMethod.php(39): Illuminate\\Container\\BoundMethod::callBoundMethod(Object(Illuminate\\Foundation\\Application), Array, Object(Closure))
#8 C:\\xampp\\htdocs\\green-world\\vendor\\laravel\\framework\\src\\Illuminate\\Container\\Container.php(596): Illuminate\\Container\\BoundMethod::call(Object(Illuminate\\Foundation\\Application), Array, Array, NULL)
#9 C:\\xampp\\htdocs\\green-world\\vendor\\laravel\\framework\\src\\Illuminate\\Foundation\\Application.php(867): Illuminate\\Container\\Container->call(Array)
#10 C:\\xampp\\htdocs\\green-world\\vendor\\laravel\\framework\\src\\Illuminate\\Foundation\\Application.php(850): Illuminate\\Foundation\\Application->bootProvider(Object(FME\\EloquenceCsvFeed\\EloquenceCsvFeedProvider))
#11 [internal function]: Illuminate\\Foundation\\Application->Illuminate\\Foundation\\{closure}(Object(FME\\EloquenceCsvFeed\\EloquenceCsvFeedProvider), 21)
#12 C:\\xampp\\htdocs\\green-world\\vendor\\laravel\\framework\\src\\Illuminate\\Foundation\\Application.php(851): array_walk(Array, Object(Closure))
#13 C:\\xampp\\htdocs\\green-world\\vendor\\laravel\\framework\\src\\Illuminate\\Foundation\\Bootstrap\\BootProviders.php(17): Illuminate\\Foundation\\Application->boot()
#14 C:\\xampp\\htdocs\\green-world\\vendor\\laravel\\framework\\src\\Illuminate\\Foundation\\Application.php(230): Illuminate\\Foundation\\Bootstrap\\BootProviders->bootstrap(Object(Illuminate\\Foundation\\Application))
#15 C:\\xampp\\htdocs\\green-world\\vendor\\laravel\\framework\\src\\Illuminate\\Foundation\\Console\\Kernel.php(310): Illuminate\\Foundation\\Application->bootstrapWith(Array)
#16 C:\\xampp\\htdocs\\green-world\\vendor\\laravel\\framework\\src\\Illuminate\\Foundation\\Console\\Kernel.php(127): Illuminate\\Foundation\\Console\\Kernel->bootstrap()
#17 C:\\xampp\\htdocs\\green-world\\artisan(35): Illuminate\\Foundation\\Console\\Kernel->handle(Object(Symfony\\Component\\Console\\Input\\ArgvInput), Object(Symfony\\Component\\Console\\Output\\ConsoleOutput))
#18 {main}
"} 
[2022-01-07 21:51:32] local.ERROR: require(C:\xampp\htdocs\green-world\packages\FME\eloquence-csv-feed\src/routes/api.php): failed to open stream: No such file or directory {"exception":"[object] (ErrorException(code: 0): require(C:\\xampp\\htdocs\\green-world\\packages\\FME\\eloquence-csv-feed\\src/routes/api.php): failed to open stream: No such file or directory at C:\\xampp\\htdocs\\green-world\\vendor\\laravel\\framework\\src\\Illuminate\\Support\\ServiceProvider.php:83)
[stacktrace]
#0 C:\\xampp\\htdocs\\green-world\\vendor\\laravel\\framework\\src\\Illuminate\\Support\\ServiceProvider.php(83): Illuminate\\Foundation\\Bootstrap\\HandleExceptions->handleError(2, 'require(C:\\\\xamp...', 'C:\\\\xampp\\\\htdocs...', 83, Array)
#1 C:\\xampp\\htdocs\\green-world\\vendor\\laravel\\framework\\src\\Illuminate\\Support\\ServiceProvider.php(83): require()
#2 C:\\xampp\\htdocs\\green-world\\packages\\FME\\eloquence-csv-feed\\src\\EloquenceCsvFeedProvider.php(23): Illuminate\\Support\\ServiceProvider->loadRoutesFrom('C:\\\\xampp\\\\htdocs...')
#3 [internal function]: FME\\EloquenceCsvFeed\\EloquenceCsvFeedProvider->boot()
#4 C:\\xampp\\htdocs\\green-world\\vendor\\laravel\\framework\\src\\Illuminate\\Container\\BoundMethod.php(37): call_user_func_array(Array, Array)
#5 C:\\xampp\\htdocs\\green-world\\vendor\\laravel\\framework\\src\\Illuminate\\Container\\Util.php(37): Illuminate\\Container\\BoundMethod::Illuminate\\Container\\{closure}()
#6 C:\\xampp\\htdocs\\green-world\\vendor\\laravel\\framework\\src\\Illuminate\\Container\\BoundMethod.php(95): Illuminate\\Container\\Util::unwrapIfClosure(Object(Closure))
#7 C:\\xampp\\htdocs\\green-world\\vendor\\laravel\\framework\\src\\Illuminate\\Container\\BoundMethod.php(39): Illuminate\\Container\\BoundMethod::callBoundMethod(Object(Illuminate\\Foundation\\Application), Array, Object(Closure))
#8 C:\\xampp\\htdocs\\green-world\\vendor\\laravel\\framework\\src\\Illuminate\\Container\\Container.php(596): Illuminate\\Container\\BoundMethod::call(Object(Illuminate\\Foundation\\Application), Array, Array, NULL)
#9 C:\\xampp\\htdocs\\green-world\\vendor\\laravel\\framework\\src\\Illuminate\\Foundation\\Application.php(867): Illuminate\\Container\\Container->call(Array)
#10 C:\\xampp\\htdocs\\green-world\\vendor\\laravel\\framework\\src\\Illuminate\\Foundation\\Application.php(850): Illuminate\\Foundation\\Application->bootProvider(Object(FME\\EloquenceCsvFeed\\EloquenceCsvFeedProvider))
#11 [internal function]: Illuminate\\Foundation\\Application->Illuminate\\Foundation\\{closure}(Object(FME\\EloquenceCsvFeed\\EloquenceCsvFeedProvider), 21)
#12 C:\\xampp\\htdocs\\green-world\\vendor\\laravel\\framework\\src\\Illuminate\\Foundation\\Application.php(851): array_walk(Array, Object(Closure))
#13 C:\\xampp\\htdocs\\green-world\\vendor\\laravel\\framework\\src\\Illuminate\\Foundation\\Bootstrap\\BootProviders.php(17): Illuminate\\Foundation\\Application->boot()
#14 C:\\xampp\\htdocs\\green-world\\vendor\\laravel\\framework\\src\\Illuminate\\Foundation\\Application.php(230): Illuminate\\Foundation\\Bootstrap\\BootProviders->bootstrap(Object(Illuminate\\Foundation\\Application))
#15 C:\\xampp\\htdocs\\green-world\\vendor\\laravel\\framework\\src\\Illuminate\\Foundation\\Console\\Kernel.php(310): Illuminate\\Foundation\\Application->bootstrapWith(Array)
#16 C:\\xampp\\htdocs\\green-world\\vendor\\laravel\\framework\\src\\Illuminate\\Foundation\\Console\\Kernel.php(127): Illuminate\\Foundation\\Console\\Kernel->bootstrap()
#17 C:\\xampp\\htdocs\\green-world\\artisan(35): Illuminate\\Foundation\\Console\\Kernel->handle(Object(Symfony\\Component\\Console\\Input\\ArgvInput), Object(Symfony\\Component\\Console\\Output\\ConsoleOutput))
#18 {main}
"} 
[2022-01-07 21:52:20] local.ERROR: No Database connection yet in VoyagerServiceProvider loadAuth()  
[2022-01-07 21:52:20] local.ERROR: SQLSTATE[HY000] [1045] Access denied for user ''@'localhost' (using password: NO) {"exception":"[object] (Doctrine\\DBAL\\Driver\\PDO\\Exception(code: 1045): SQLSTATE[HY000] [1045] Access denied for user ''@'localhost' (using password: NO) at C:\\xampp\\htdocs\\green-world\\vendor\\doctrine\\dbal\\lib\\Doctrine\\DBAL\\Driver\\PDO\\Exception.php:18)
[stacktrace]
#0 C:\\xampp\\htdocs\\green-world\\vendor\\doctrine\\dbal\\lib\\Doctrine\\DBAL\\Driver\\PDOConnection.php(44): Doctrine\\DBAL\\Driver\\PDO\\Exception::new(Object(PDOException))
#1 C:\\xampp\\htdocs\\green-world\\vendor\\laravel\\framework\\src\\Illuminate\\Database\\Connectors\\Connector.php(67): Doctrine\\DBAL\\Driver\\PDOConnection->__construct('mysql:host=127....', '', '', Array)
#2 C:\\xampp\\htdocs\\green-world\\vendor\\laravel\\framework\\src\\Illuminate\\Database\\Connectors\\Connector.php(46): Illuminate\\Database\\Connectors\\Connector->createPdoConnection('mysql:host=127....', '', '', Array)
#3 C:\\xampp\\htdocs\\green-world\\vendor\\laravel\\framework\\src\\Illuminate\\Database\\Connectors\\MySqlConnector.php(24): Illuminate\\Database\\Connectors\\Connector->createConnection('mysql:host=127....', Array, Array)
#4 C:\\xampp\\htdocs\\green-world\\vendor\\laravel\\framework\\src\\Illuminate\\Database\\Connectors\\ConnectionFactory.php(184): Illuminate\\Database\\Connectors\\MySqlConnector->connect(Array)
#5 [internal function]: Illuminate\\Database\\Connectors\\ConnectionFactory->Illuminate\\Database\\Connectors\\{closure}()
#6 C:\\xampp\\htdocs\\green-world\\vendor\\laravel\\framework\\src\\Illuminate\\Database\\Connection.php(926): call_user_func(Object(Closure))
#7 C:\\xampp\\htdocs\\green-world\\vendor\\laravel\\framework\\src\\Illuminate\\Database\\Connection.php(908): Illuminate\\Database\\Connection->getPdo()
#8 C:\\xampp\\htdocs\\green-world\\vendor\\larapack\\doctrine-support\\src\\DoctrineSupportServiceProvider.php(55): Illuminate\\Database\\Connection->getDoctrineConnection()
#9 C:\\xampp\\htdocs\\green-world\\vendor\\larapack\\doctrine-support\\src\\DoctrineSupportServiceProvider.php(35): Larapack\\DoctrineSupport\\DoctrineSupportServiceProvider->addDoctrineTypes(Object(Larapack\\DoctrineSupport\\Connections\\MySqlConnection))
#10 C:\\xampp\\htdocs\\green-world\\vendor\\laravel\\framework\\src\\Illuminate\\Database\\Connectors\\ConnectionFactory.php(273): Larapack\\DoctrineSupport\\DoctrineSupportServiceProvider->Larapack\\DoctrineSupport\\{closure}(Object(Larapack\\DoctrineSupport\\Connections\\MySqlConnection), '', '', Array)
#11 C:\\xampp\\htdocs\\green-world\\vendor\\laravel\\framework\\src\\Illuminate\\Database\\Connectors\\ConnectionFactory.php(76): Illuminate\\Database\\Connectors\\ConnectionFactory->createConnection('mysql', Object(Closure), '', '', Array)
#12 C:\\xampp\\htdocs\\green-world\\vendor\\laravel\\framework\\src\\Illuminate\\Database\\Connectors\\ConnectionFactory.php(50): Illuminate\\Database\\Connectors\\ConnectionFactory->createSingleConnection(Array)
#13 C:\\xampp\\htdocs\\green-world\\vendor\\laravel\\framework\\src\\Illuminate\\Database\\DatabaseManager.php(131): Illuminate\\Database\\Connectors\\ConnectionFactory->make(Array, 'mysql')
#14 C:\\xampp\\htdocs\\green-world\\vendor\\laravel\\framework\\src\\Illuminate\\Database\\DatabaseManager.php(86): Illuminate\\Database\\DatabaseManager->makeConnection('mysql')
#15 C:\\xampp\\htdocs\\green-world\\vendor\\laravel\\framework\\src\\Illuminate\\Support\\Facades\\Schema.php(41): Illuminate\\Database\\DatabaseManager->connection()
#16 C:\\xampp\\htdocs\\green-world\\vendor\\laravel\\framework\\src\\Illuminate\\Support\\Facades\\Facade.php(166): Illuminate\\Support\\Facades\\Schema::getFacadeAccessor()
#17 C:\\xampp\\htdocs\\green-world\\vendor\\laravel\\framework\\src\\Illuminate\\Support\\Facades\\Facade.php(255): Illuminate\\Support\\Facades\\Facade::getFacadeRoot()
#18 C:\\xampp\\htdocs\\green-world\\app\\Providers\\AppServiceProvider.php(18): Illuminate\\Support\\Facades\\Facade::__callStatic('defaultStringLe...', Array)
#19 [internal function]: App\\Providers\\AppServiceProvider->boot()
#20 C:\\xampp\\htdocs\\green-world\\vendor\\laravel\\framework\\src\\Illuminate\\Container\\BoundMethod.php(37): call_user_func_array(Array, Array)
#21 C:\\xampp\\htdocs\\green-world\\vendor\\laravel\\framework\\src\\Illuminate\\Container\\Util.php(37): Illuminate\\Container\\BoundMethod::Illuminate\\Container\\{closure}()
#22 C:\\xampp\\htdocs\\green-world\\vendor\\laravel\\framework\\src\\Illuminate\\Container\\BoundMethod.php(95): Illuminate\\Container\\Util::unwrapIfClosure(Object(Closure))
#23 C:\\xampp\\htdocs\\green-world\\vendor\\laravel\\framework\\src\\Illuminate\\Container\\BoundMethod.php(39): Illuminate\\Container\\BoundMethod::callBoundMethod(Object(Illuminate\\Foundation\\Application), Array, Object(Closure))
#24 C:\\xampp\\htdocs\\green-world\\vendor\\laravel\\framework\\src\\Illuminate\\Container\\Container.php(596): Illuminate\\Container\\BoundMethod::call(Object(Illuminate\\Foundation\\Application), Array, Array, NULL)
#25 C:\\xampp\\htdocs\\green-world\\vendor\\laravel\\framework\\src\\Illuminate\\Foundation\\Application.php(867): Illuminate\\Container\\Container->call(Array)
#26 C:\\xampp\\htdocs\\green-world\\vendor\\laravel\\framework\\src\\Illuminate\\Foundation\\Application.php(850): Illuminate\\Foundation\\Application->bootProvider(Object(App\\Providers\\AppServiceProvider))
#27 [internal function]: Illuminate\\Foundation\\Application->Illuminate\\Foundation\\{closure}(Object(App\\Providers\\AppServiceProvider), 41)
#28 C:\\xampp\\htdocs\\green-world\\vendor\\laravel\\framework\\src\\Illuminate\\Foundation\\Application.php(851): array_walk(Array, Object(Closure))
#29 C:\\xampp\\htdocs\\green-world\\vendor\\laravel\\framework\\src\\Illuminate\\Foundation\\Bootstrap\\BootProviders.php(17): Illuminate\\Foundation\\Application->boot()
#30 C:\\xampp\\htdocs\\green-world\\vendor\\laravel\\framework\\src\\Illuminate\\Foundation\\Application.php(230): Illuminate\\Foundation\\Bootstrap\\BootProviders->bootstrap(Object(Illuminate\\Foundation\\Application))
#31 C:\\xampp\\htdocs\\green-world\\vendor\\laravel\\framework\\src\\Illuminate\\Foundation\\Console\\Kernel.php(310): Illuminate\\Foundation\\Application->bootstrapWith(Array)
#32 C:\\xampp\\htdocs\\green-world\\vendor\\laravel\\framework\\src\\Illuminate\\Foundation\\Console\\Kernel.php(127): Illuminate\\Foundation\\Console\\Kernel->bootstrap()
#33 C:\\xampp\\htdocs\\green-world\\artisan(35): Illuminate\\Foundation\\Console\\Kernel->handle(Object(Symfony\\Component\\Console\\Input\\ArgvInput), Object(Symfony\\Component\\Console\\Output\\ConsoleOutput))
#34 {main}

[previous exception] [object] (PDOException(code: 1045): SQLSTATE[HY000] [1045] Access denied for user ''@'localhost' (using password: NO) at C:\\xampp\\htdocs\\green-world\\vendor\\doctrine\\dbal\\lib\\Doctrine\\DBAL\\Driver\\PDOConnection.php:40)
[stacktrace]
#0 C:\\xampp\\htdocs\\green-world\\vendor\\doctrine\\dbal\\lib\\Doctrine\\DBAL\\Driver\\PDOConnection.php(40): PDO->__construct('mysql:host=127....', '', '', Array)
#1 C:\\xampp\\htdocs\\green-world\\vendor\\laravel\\framework\\src\\Illuminate\\Database\\Connectors\\Connector.php(67): Doctrine\\DBAL\\Driver\\PDOConnection->__construct('mysql:host=127....', '', '', Array)
#2 C:\\xampp\\htdocs\\green-world\\vendor\\laravel\\framework\\src\\Illuminate\\Database\\Connectors\\Connector.php(46): Illuminate\\Database\\Connectors\\Connector->createPdoConnection('mysql:host=127....', '', '', Array)
#3 C:\\xampp\\htdocs\\green-world\\vendor\\laravel\\framework\\src\\Illuminate\\Database\\Connectors\\MySqlConnector.php(24): Illuminate\\Database\\Connectors\\Connector->createConnection('mysql:host=127....', Array, Array)
#4 C:\\xampp\\htdocs\\green-world\\vendor\\laravel\\framework\\src\\Illuminate\\Database\\Connectors\\ConnectionFactory.php(184): Illuminate\\Database\\Connectors\\MySqlConnector->connect(Array)
#5 [internal function]: Illuminate\\Database\\Connectors\\ConnectionFactory->Illuminate\\Database\\Connectors\\{closure}()
#6 C:\\xampp\\htdocs\\green-world\\vendor\\laravel\\framework\\src\\Illuminate\\Database\\Connection.php(926): call_user_func(Object(Closure))
#7 C:\\xampp\\htdocs\\green-world\\vendor\\laravel\\framework\\src\\Illuminate\\Database\\Connection.php(908): Illuminate\\Database\\Connection->getPdo()
#8 C:\\xampp\\htdocs\\green-world\\vendor\\larapack\\doctrine-support\\src\\DoctrineSupportServiceProvider.php(55): Illuminate\\Database\\Connection->getDoctrineConnection()
#9 C:\\xampp\\htdocs\\green-world\\vendor\\larapack\\doctrine-support\\src\\DoctrineSupportServiceProvider.php(35): Larapack\\DoctrineSupport\\DoctrineSupportServiceProvider->addDoctrineTypes(Object(Larapack\\DoctrineSupport\\Connections\\MySqlConnection))
#10 C:\\xampp\\htdocs\\green-world\\vendor\\laravel\\framework\\src\\Illuminate\\Database\\Connectors\\ConnectionFactory.php(273): Larapack\\DoctrineSupport\\DoctrineSupportServiceProvider->Larapack\\DoctrineSupport\\{closure}(Object(Larapack\\DoctrineSupport\\Connections\\MySqlConnection), '', '', Array)
#11 C:\\xampp\\htdocs\\green-world\\vendor\\laravel\\framework\\src\\Illuminate\\Database\\Connectors\\ConnectionFactory.php(76): Illuminate\\Database\\Connectors\\ConnectionFactory->createConnection('mysql', Object(Closure), '', '', Array)
#12 C:\\xampp\\htdocs\\green-world\\vendor\\laravel\\framework\\src\\Illuminate\\Database\\Connectors\\ConnectionFactory.php(50): Illuminate\\Database\\Connectors\\ConnectionFactory->createSingleConnection(Array)
#13 C:\\xampp\\htdocs\\green-world\\vendor\\laravel\\framework\\src\\Illuminate\\Database\\DatabaseManager.php(131): Illuminate\\Database\\Connectors\\ConnectionFactory->make(Array, 'mysql')
#14 C:\\xampp\\htdocs\\green-world\\vendor\\laravel\\framework\\src\\Illuminate\\Database\\DatabaseManager.php(86): Illuminate\\Database\\DatabaseManager->makeConnection('mysql')
#15 C:\\xampp\\htdocs\\green-world\\vendor\\laravel\\framework\\src\\Illuminate\\Support\\Facades\\Schema.php(41): Illuminate\\Database\\DatabaseManager->connection()
#16 C:\\xampp\\htdocs\\green-world\\vendor\\laravel\\framework\\src\\Illuminate\\Support\\Facades\\Facade.php(166): Illuminate\\Support\\Facades\\Schema::getFacadeAccessor()
#17 C:\\xampp\\htdocs\\green-world\\vendor\\laravel\\framework\\src\\Illuminate\\Support\\Facades\\Facade.php(255): Illuminate\\Support\\Facades\\Facade::getFacadeRoot()
#18 C:\\xampp\\htdocs\\green-world\\app\\Providers\\AppServiceProvider.php(18): Illuminate\\Support\\Facades\\Facade::__callStatic('defaultStringLe...', Array)
#19 [internal function]: App\\Providers\\AppServiceProvider->boot()
#20 C:\\xampp\\htdocs\\green-world\\vendor\\laravel\\framework\\src\\Illuminate\\Container\\BoundMethod.php(37): call_user_func_array(Array, Array)
#21 C:\\xampp\\htdocs\\green-world\\vendor\\laravel\\framework\\src\\Illuminate\\Container\\Util.php(37): Illuminate\\Container\\BoundMethod::Illuminate\\Container\\{closure}()
#22 C:\\xampp\\htdocs\\green-world\\vendor\\laravel\\framework\\src\\Illuminate\\Container\\BoundMethod.php(95): Illuminate\\Container\\Util::unwrapIfClosure(Object(Closure))
#23 C:\\xampp\\htdocs\\green-world\\vendor\\laravel\\framework\\src\\Illuminate\\Container\\BoundMethod.php(39): Illuminate\\Container\\BoundMethod::callBoundMethod(Object(Illuminate\\Foundation\\Application), Array, Object(Closure))
#24 C:\\xampp\\htdocs\\green-world\\vendor\\laravel\\framework\\src\\Illuminate\\Container\\Container.php(596): Illuminate\\Container\\BoundMethod::call(Object(Illuminate\\Foundation\\Application), Array, Array, NULL)
#25 C:\\xampp\\htdocs\\green-world\\vendor\\laravel\\framework\\src\\Illuminate\\Foundation\\Application.php(867): Illuminate\\Container\\Container->call(Array)
#26 C:\\xampp\\htdocs\\green-world\\vendor\\laravel\\framework\\src\\Illuminate\\Foundation\\Application.php(850): Illuminate\\Foundation\\Application->bootProvider(Object(App\\Providers\\AppServiceProvider))
#27 [internal function]: Illuminate\\Foundation\\Application->Illuminate\\Foundation\\{closure}(Object(App\\Providers\\AppServiceProvider), 41)
#28 C:\\xampp\\htdocs\\green-world\\vendor\\laravel\\framework\\src\\Illuminate\\Foundation\\Application.php(851): array_walk(Array, Object(Closure))
#29 C:\\xampp\\htdocs\\green-world\\vendor\\laravel\\framework\\src\\Illuminate\\Foundation\\Bootstrap\\BootProviders.php(17): Illuminate\\Foundation\\Application->boot()
#30 C:\\xampp\\htdocs\\green-world\\vendor\\laravel\\framework\\src\\Illuminate\\Foundation\\Application.php(230): Illuminate\\Foundation\\Bootstrap\\BootProviders->bootstrap(Object(Illuminate\\Foundation\\Application))
#31 C:\\xampp\\htdocs\\green-world\\vendor\\laravel\\framework\\src\\Illuminate\\Foundation\\Console\\Kernel.php(310): Illuminate\\Foundation\\Application->bootstrapWith(Array)
#32 C:\\xampp\\htdocs\\green-world\\vendor\\laravel\\framework\\src\\Illuminate\\Foundation\\Console\\Kernel.php(127): Illuminate\\Foundation\\Console\\Kernel->bootstrap()
#33 C:\\xampp\\htdocs\\green-world\\artisan(35): Illuminate\\Foundation\\Console\\Kernel->handle(Object(Symfony\\Component\\Console\\Input\\ArgvInput), Object(Symfony\\Component\\Console\\Output\\ConsoleOutput))
#34 {main}
"} 
[2022-01-07 21:57:23] local.DEBUG: Undefined variable: category  
[2022-01-07 21:57:23] local.DEBUG: Undefined variable: category  
[2022-01-07 21:57:23] local.DEBUG: Undefined variable: category  
[2022-01-07 21:57:23] local.DEBUG: Undefined variable: category  
[2022-01-07 21:57:23] local.DEBUG: Undefined variable: category  
[2022-01-07 21:57:27] local.DEBUG: SQLSTATE[23000]: Integrity constraint violation: 1062 Duplicate entry '216-6' for key 'PRIMARY' (SQL: insert into `category_product` (`category_id`, `...  
